2019-09-06 19:28:10,660  INFO [TestNG-test=ticketbooking-2] LogReports:21 - Firefox browser is started...
2019-09-06 19:28:20,561  INFO [TestNG-test=ticketbooking-2] LogReports:21 - selecting roundtrip
2019-09-06 19:28:21,047  INFO [TestNG-test=ticketbooking-2] LogReports:21 - sending FromPlace value
2019-09-06 19:28:24,525  INFO [TestNG-test=ticketbooking-2] LogReports:21 - sending LastName of the passenger
2019-09-06 19:28:25,398  INFO [TestNG-test=ticketbooking-2] LogReports:21 - sending dateof journey
2019-09-06 19:28:25,714  INFO [TestNG-test=ticketbooking-2] LogReports:21 - clicking on searchflight
2019-09-06 19:28:36,645  INFO [TestNG-test=ticketbooking-2] LogReports:21 - selecting particular flight
2019-09-06 19:28:47,110  INFO [TestNG-test=ticketbooking-2] LogReports:21 - accepting terms and conditions
2019-09-06 19:28:56,449  INFO [TestNG-test=ticketbooking-2] LogReports:21 - sending email address of the passenger
2019-09-06 19:29:02,902  INFO [TestNG-test=ticketbooking-2] LogReports:21 - sending details of the passenger
2019-09-06 19:29:06,750  INFO [TestNG-test=ticketbooking-2] LogReports:21 - twoway trip test case passed
2019-09-06 19:38:40,281  INFO [TestNG-test=ticketbooking-2] LogReports:21 - Chrome browser is started...
2019-09-06 19:38:54,399  INFO [TestNG-test=ticketbooking-2] LogReports:21 - selecting roundtrip
2019-09-06 19:38:55,404  INFO [TestNG-test=ticketbooking-1] LogReports:21 - selecting onewaytrip
2019-09-06 19:38:55,817  INFO [TestNG-test=ticketbooking-2] LogReports:21 - sending FromPlace value
2019-09-06 19:38:56,614  INFO [TestNG-test=ticketbooking-1] LogReports:21 - sending StartingPlace Element
2019-09-06 19:38:59,739  INFO [TestNG-test=ticketbooking-2] LogReports:21 - sending LastName of the passenger
2019-09-06 19:39:00,412  INFO [TestNG-test=ticketbooking-1] LogReports:21 - sending journey date
2019-09-06 19:39:00,695  INFO [TestNG-test=ticketbooking-2] LogReports:21 - sending dateof journey
2019-09-06 19:39:00,698  INFO [TestNG-test=ticketbooking-1] LogReports:21 - searching flight
2019-09-06 19:39:01,029  INFO [TestNG-test=ticketbooking-2] LogReports:21 - clicking on searchflight
2019-09-06 19:39:20,127  INFO [TestNG-test=ticketbooking-1] LogReports:21 - selecting flight
2019-09-06 19:39:21,335  INFO [TestNG-test=ticketbooking-2] LogReports:21 - selecting particular flight
2019-09-06 19:39:25,302  INFO [TestNG-test=ticketbooking-1] LogReports:21 - clicking the acceptance button
2019-09-06 19:39:26,513  INFO [TestNG-test=ticketbooking-2] LogReports:21 - accepting terms and conditions
2019-09-06 19:39:31,287  INFO [TestNG-test=ticketbooking-1] LogReports:21 - Click booking button
2019-09-06 19:39:34,595  INFO [TestNG-test=ticketbooking-1] LogReports:21 - sending emailid
2019-09-06 19:39:34,837  INFO [TestNG-test=ticketbooking-1] LogReports:21 - click continue after emailid
2019-09-06 19:39:36,383  INFO [TestNG-test=ticketbooking-2] LogReports:21 - sending email address of the passenger
2019-09-06 19:39:40,063  INFO [TestNG-test=ticketbooking-1] LogReports:21 - sending Title of the passenger
2019-09-06 19:39:40,599  INFO [TestNG-test=ticketbooking-1] LogReports:21 - sending firstname of the passenger
2019-09-06 19:39:40,856  INFO [TestNG-test=ticketbooking-1] LogReports:21 - sending lastname of the passenger
2019-09-06 19:39:42,554  INFO [TestNG-test=ticketbooking-2] LogReports:21 - sending details of the passenger
2019-09-06 19:39:44,057  INFO [TestNG-test=ticketbooking-1] LogReports:21 - sending mobilenumber of the passenger
2019-09-06 19:39:46,719  INFO [TestNG-test=ticketbooking-2] LogReports:21 - twoway trip test case passed
2019-09-06 19:42:26,449  INFO [TestNG-test=ticketbooking-2] LogReports:21 - Chrome browser is started...
2019-09-06 19:42:36,128  INFO [TestNG-test=ticketbooking-2] LogReports:21 - selecting roundtrip
2019-09-06 19:42:37,243  INFO [TestNG-test=ticketbooking-2] LogReports:21 - sending FromPlace value
2019-09-06 19:42:40,976  INFO [TestNG-test=ticketbooking-2] LogReports:21 - sending LastName of the passenger
2019-09-06 19:42:41,490  INFO [TestNG-test=ticketbooking-2] LogReports:21 - sending dateof journey
2019-09-06 19:42:41,726  INFO [TestNG-test=ticketbooking-2] LogReports:21 - clicking on searchflight
2019-09-06 19:42:57,931  INFO [TestNG-test=ticketbooking-2] LogReports:21 - selecting particular flight
2019-09-06 19:43:03,130  INFO [TestNG-test=ticketbooking-2] LogReports:21 - accepting terms and conditions
2019-09-06 19:43:12,591  INFO [TestNG-test=ticketbooking-2] LogReports:21 - sending email address of the passenger
2019-09-06 19:43:18,320  INFO [TestNG-test=ticketbooking-2] LogReports:21 - sending details of the passenger
2019-09-06 19:43:22,276  INFO [TestNG-test=ticketbooking-2] LogReports:21 - twoway trip test case passed
2019-09-06 19:44:30,687  INFO [TestNG-test=ticketbooking-2] LogReports:21 - Firefox browser is started...
2019-09-06 19:44:40,008  INFO [TestNG-test=ticketbooking-1] LogReports:21 - selecting onewaytrip
2019-09-06 19:44:40,529  INFO [TestNG-test=ticketbooking-1] LogReports:21 - sending StartingPlace Element
2019-09-06 19:44:41,485  INFO [TestNG-test=ticketbooking-2] LogReports:21 - selecting roundtrip
2019-09-06 19:44:41,945  INFO [TestNG-test=ticketbooking-2] LogReports:21 - sending FromPlace value
2019-09-06 19:44:44,428  INFO [TestNG-test=ticketbooking-1] LogReports:21 - sending journey date
2019-09-06 19:44:44,756  INFO [TestNG-test=ticketbooking-1] LogReports:21 - searching flight
2019-09-06 19:44:45,341  INFO [TestNG-test=ticketbooking-2] LogReports:21 - sending LastName of the passenger
2019-09-06 19:44:46,114  INFO [TestNG-test=ticketbooking-2] LogReports:21 - sending dateof journey
2019-09-06 19:44:46,440  INFO [TestNG-test=ticketbooking-2] LogReports:21 - clicking on searchflight
2019-09-06 19:44:57,623  INFO [TestNG-test=ticketbooking-1] LogReports:21 - selecting flight
2019-09-06 19:45:03,135  INFO [TestNG-test=ticketbooking-1] LogReports:21 - clicking the acceptance button
2019-09-06 19:45:08,990  INFO [TestNG-test=ticketbooking-1] LogReports:21 - Click booking button
2019-09-06 19:45:12,172  INFO [TestNG-test=ticketbooking-1] LogReports:21 - sending emailid
2019-09-06 19:45:12,551  INFO [TestNG-test=ticketbooking-1] LogReports:21 - click continue after emailid
2019-09-06 19:45:18,110  INFO [TestNG-test=ticketbooking-1] LogReports:21 - sending Title of the passenger
2019-09-06 19:45:18,662  INFO [TestNG-test=ticketbooking-1] LogReports:21 - sending firstname of the passenger
2019-09-06 19:45:18,762  INFO [TestNG-test=ticketbooking-1] LogReports:21 - sending lastname of the passenger
2019-09-06 19:45:21,845  INFO [TestNG-test=ticketbooking-1] LogReports:21 - sending mobilenumber of the passenger
2019-09-06 19:45:22,406  INFO [TestNG-test=ticketbooking-1] LogReports:21 - onewaytrip passed
